[14:00:20] [main/INFO]: Using mbed TLS based native cipher.
[14:00:20] [main/INFO]: Using zlib based native compressor.
[14:00:20] [main/INFO]: Enabled Waterfall version git:Waterfall-Bootstrap:1.19-R0.1-SNAPSHOT:f6069e2:513
[14:00:21] [main/INFO]: Not on Windows, attempting to use enhanced EpollEventLoop
[14:00:21] [main/INFO]: Epoll is working, utilising it!
[14:00:23] [main/INFO]: Discovered module: ModuleSpec(name=cmd_alert, file=modules/cmd_alert.jar, provider=JenkinsModuleSource())
[14:00:23] [main/INFO]: Discovered module: ModuleSpec(name=cmd_find, file=modules/cmd_find.jar, provider=JenkinsModuleSource())
[14:00:23] [main/INFO]: Discovered module: ModuleSpec(name=cmd_list, file=modules/cmd_list.jar, provider=JenkinsModuleSource())
[14:00:23] [main/INFO]: Discovered module: ModuleSpec(name=cmd_send, file=modules/cmd_send.jar, provider=JenkinsModuleSource())
[14:00:23] [main/INFO]: Discovered module: ModuleSpec(name=cmd_server, file=modules/cmd_server.jar, provider=JenkinsModuleSource())
[14:00:23] [main/INFO]: Discovered module: ModuleSpec(name=reconnect_yaml, file=modules/reconnect_yaml.jar, provider=JenkinsModuleSource())
[14:00:24] [main/INFO]: Loaded plugin reconnect_yaml version git:reconnect_yaml:1.19-R0.1-SNAPSHOT:f6069e2:513 by WaterfallMC
[14:00:24] [main/INFO]: Loaded plugin cmd_find version git:cmd_find:1.19-R0.1-SNAPSHOT:f6069e2:513 by WaterfallMC
[14:00:24] [main/INFO]: Loaded plugin cmd_server version git:cmd_server:1.19-R0.1-SNAPSHOT:f6069e2:513 by WaterfallMC
[14:00:24] [main/INFO]: Loaded plugin cmd_alert version git:cmd_alert:1.19-R0.1-SNAPSHOT:f6069e2:513 by WaterfallMC
[14:00:24] [main/INFO]: Loaded plugin cmd_send version git:cmd_send:1.19-R0.1-SNAPSHOT:f6069e2:513 by WaterfallMC
[14:00:24] [main/INFO]: Loaded plugin cmd_list version git:cmd_list:1.19-R0.1-SNAPSHOT:f6069e2:513 by WaterfallMC
[14:00:24] [main/INFO]: Loaded plugin EaglercraftXBungee version 1.0.5 by lax1dude
[14:00:26] [main/INFO]: Enabled plugin reconnect_yaml version git:reconnect_yaml:1.19-R0.1-SNAPSHOT:f6069e2:513 by WaterfallMC
[14:00:26] [main/INFO]: Enabled plugin cmd_find version git:cmd_find:1.19-R0.1-SNAPSHOT:f6069e2:513 by WaterfallMC
[14:00:26] [main/INFO]: Enabled plugin cmd_server version git:cmd_server:1.19-R0.1-SNAPSHOT:f6069e2:513 by WaterfallMC
[14:00:26] [main/INFO]: Enabled plugin cmd_alert version git:cmd_alert:1.19-R0.1-SNAPSHOT:f6069e2:513 by WaterfallMC
[14:00:26] [main/INFO]: Enabled plugin cmd_send version git:cmd_send:1.19-R0.1-SNAPSHOT:f6069e2:513 by WaterfallMC
[14:00:26] [main/INFO]: Enabled plugin cmd_list version git:cmd_list:1.19-R0.1-SNAPSHOT:f6069e2:513 by WaterfallMC
[14:00:26] [main/ERROR] [EaglercraftXBungee]: Online mode is set to false! Authentication system has been disabled
[14:00:27] [Netty Worker IO Thread #0/INFO] [EaglercraftXBungee]: Eaglercraft is listening on: /127.0.0.1:8081
[14:00:28] [main/INFO] [EaglercraftXBungee]: Connected to database: jdbc:sqlite:eaglercraft_skins_cache.db
[14:00:29] [main/INFO]: Enabled plugin EaglercraftXBungee version 1.0.5 by lax1dude
[14:00:29] [Netty Boss IO Thread #0/INFO]: Listening on /127.0.0.1:25577
[14:12:05] [Thread-5/INFO]: Closing listener [id: 0xfdd59957, L:/127.0.0.1:25577]
[14:12:05] [main/ERROR]: Exception in thread "main" java.io.IOError: java.io.IOException: Input/output error
[14:12:05] [main/ERROR]: 	at org.jline.keymap.BindingReader.readCharacter(BindingReader.java:170)
[14:12:05] [main/ERROR]: 	at org.jline.keymap.BindingReader.readBinding(BindingReader.java:110)
[14:12:05] [main/ERROR]: 	at org.jline.keymap.BindingReader.readBinding(BindingReader.java:61)
[14:12:05] [main/ERROR]: 	at org.jline.reader.impl.LineReaderImpl.doReadBinding(LineReaderImpl.java:923)
[14:12:05] [main/ERROR]: 	at org.jline.reader.impl.LineReaderImpl.readBinding(LineReaderImpl.java:956)
[14:12:05] [main/ERROR]: 	at org.jline.reader.impl.LineReaderImpl.readLine(LineReaderImpl.java:651)
[14:12:05] [main/ERROR]: 	at org.jline.reader.impl.LineReaderImpl.readLine(LineReaderImpl.java:468)
[14:12:05] [main/ERROR]: 	at net.minecrell.terminalconsole.SimpleTerminalConsole.readCommands(SimpleTerminalConsole.java:158)
[14:12:05] [main/ERROR]: 	at net.minecrell.terminalconsole.SimpleTerminalConsole.start(SimpleTerminalConsole.java:141)
[14:12:05] [main/ERROR]: 	at net.md_5.bungee.BungeeCordLauncher.main(BungeeCordLauncher.java:72)
[14:12:05] [main/ERROR]: 	at net.md_5.bungee.Bootstrap.main(Bootstrap.java:15)
[14:12:05] [main/ERROR]: Caused by: java.io.IOException: Input/output error
[14:12:05] [main/ERROR]: 	at java.io.FileInputStream.read0(Native Method)
[14:12:05] [main/ERROR]: 	at java.io.FileInputStream.read(FileInputStream.java:207)
[14:12:05] [main/ERROR]: 	at org.jline.terminal.impl.AbstractPty$PtyInputStream.read(AbstractPty.java:73)
[14:12:05] [main/ERROR]: 	at org.jline.utils.NonBlockingInputStream.read(NonBlockingInputStream.java:62)
[14:12:05] [main/ERROR]: 	at org.jline.utils.NonBlocking$NonBlockingInputStreamReader.read(NonBlocking.java:168)
[14:12:05] [main/ERROR]: 	at org.jline.utils.NonBlockingReader.read(NonBlockingReader.java:57)
[14:12:05] [main/ERROR]: 	at org.jline.keymap.BindingReader.readCharacter(BindingReader.java:160)
[14:12:05] [main/ERROR]: 	... 10 more
